<?xml version="1.0" encoding="UTF-8"?>
<!-- Generated by org.testng.reporters.JUnitReportReporter -->
<testsuite hostname="DESKTOP-OP9FVCO" failures="0" tests="1" name="SlashRTC1.TestNG" time="3.469" errors="0" timestamp="2024-11-18T15:36:12 IST" skipped="0">
  <testcase classname="SlashRTC1.TestNG" name="TestSM" time="3.469"/>
</testsuite> <!-- SlashRTC1.TestNG -->
